{"/home/paty/api-sing-me-a-song/src/database/database.js": {"path":"/home/paty/api-sing-me-a-song/src/database/database.js","statementMap":{"0":{"start":{"line":3,"column":17},"end":{"line":3,"column":19}},"1":{"start":{"line":5,"column":24},"end":{"line":11,"column":1}},"2":{"start":{"line":13,"column":19},"end":{"line":13,"column":43}}},"fnMap":{},"branchMap":{},"s":{"0":1,"1":1,"2":1},"f":{},"b":{},"_coverageSchema":"1a1c01bbd47fc00a2c39e90264f33305004495a9","hash":"87709b64593195066d6ee2e2fd37a01b35e8a9e0"}
,"/home/paty/api-sing-me-a-song/src/repositories/recommendationRepository.js": {"path":"/home/paty/api-sing-me-a-song/src/repositories/recommendationRepository.js","statementMap":{"0":{"start":{"line":4,"column":19},"end":{"line":8,"column":27}},"1":{"start":{"line":10,"column":4},"end":{"line":10,"column":23}},"2":{"start":{"line":14,"column":4},"end":{"line":18,"column":14}},"3":{"start":{"line":19,"column":4},"end":{"line":19,"column":16}},"4":{"start":{"line":23,"column":19},"end":{"line":26,"column":13}},"5":{"start":{"line":28,"column":4},"end":{"line":28,"column":32}},"6":{"start":{"line":32,"column":4},"end":{"line":36,"column":14}},"7":{"start":{"line":38,"column":19},"end":{"line":38,"column":53}},"8":{"start":{"line":39,"column":4},"end":{"line":39,"column":18}},"9":{"start":{"line":43,"column":4},"end":{"line":45,"column":14}},"10":{"start":{"line":46,"column":4},"end":{"line":46,"column":16}},"11":{"start":{"line":50,"column":19},"end":{"line":54,"column":17}},"12":{"start":{"line":56,"column":4},"end":{"line":56,"column":23}},"13":{"start":{"line":60,"column":19},"end":{"line":65,"column":12}},"14":{"start":{"line":67,"column":4},"end":{"line":67,"column":23}},"15":{"start":{"line":71,"column":19},"end":{"line":77,"column":12}},"16":{"start":{"line":79,"column":4},"end":{"line":79,"column":23}},"17":{"start":{"line":83,"column":19},"end":{"line":87,"column":12}},"18":{"start":{"line":89,"column":4},"end":{"line":89,"column":23}}},"fnMap":{"0":{"name":"createRecomendation","decl":{"start":{"line":3,"column":15},"end":{"line":3,"column":34}},"loc":{"start":{"line":3,"column":58},"end":{"line":11,"column":1}},"line":3},"1":{"name":"increaseScore","decl":{"start":{"line":13,"column":15},"end":{"line":13,"column":28}},"loc":{"start":{"line":13,"column":37},"end":{"line":20,"column":1}},"line":13},"2":{"name":"selectRecommendation","decl":{"start":{"line":22,"column":15},"end":{"line":22,"column":35}},"loc":{"start":{"line":22,"column":44},"end":{"line":29,"column":1}},"line":22},"3":{"name":"decreaseScore","decl":{"start":{"line":31,"column":15},"end":{"line":31,"column":28}},"loc":{"start":{"line":31,"column":37},"end":{"line":40,"column":1}},"line":31},"4":{"name":"deleteRecommendation","decl":{"start":{"line":42,"column":15},"end":{"line":42,"column":35}},"loc":{"start":{"line":42,"column":44},"end":{"line":47,"column":1}},"line":42},"5":{"name":"selectTopRecommendations","decl":{"start":{"line":49,"column":15},"end":{"line":49,"column":39}},"loc":{"start":{"line":49,"column":52},"end":{"line":57,"column":1}},"line":49},"6":{"name":"selectHigthScoreRecommendation","decl":{"start":{"line":59,"column":15},"end":{"line":59,"column":45}},"loc":{"start":{"line":59,"column":48},"end":{"line":68,"column":1}},"line":59},"7":{"name":"selectLowScoreRecommendation","decl":{"start":{"line":70,"column":15},"end":{"line":70,"column":43}},"loc":{"start":{"line":70,"column":46},"end":{"line":80,"column":1}},"line":70},"8":{"name":"selectRandomRecommendation","decl":{"start":{"line":82,"column":15},"end":{"line":82,"column":41}},"loc":{"start":{"line":82,"column":44},"end":{"line":90,"column":1}},"line":82}},"branchMap":{},"s":{"0":0,"1":0,"2":0,"3":0,"4":0,"5":0,"6":0,"7":0,"8":0,"9":0,"10":0,"11":0,"12":0,"13":0,"14":0,"15":0,"16":0,"17":0,"18":0},"f":{"0":0,"1":0,"2":0,"3":0,"4":0,"5":0,"6":0,"7":0,"8":0},"b":{},"_coverageSchema":"1a1c01bbd47fc00a2c39e90264f33305004495a9","hash":"4835cc2992f9d29879c80ad10e5ca13a8933f451"}
,"/home/paty/api-sing-me-a-song/src/services/recommendationService.js": {"path":"/home/paty/api-sing-me-a-song/src/services/recommendationService.js","statementMap":{"0":{"start":{"line":4,"column":19},"end":{"line":4,"column":92}},"1":{"start":{"line":5,"column":4},"end":{"line":5,"column":18}},"2":{"start":{"line":9,"column":4},"end":{"line":12,"column":5}},"3":{"start":{"line":10,"column":23},"end":{"line":10,"column":75}},"4":{"start":{"line":11,"column":8},"end":{"line":11,"column":22}},"5":{"start":{"line":13,"column":4},"end":{"line":13,"column":17}},"6":{"start":{"line":17,"column":18},"end":{"line":17,"column":70}},"7":{"start":{"line":19,"column":4},"end":{"line":22,"column":5}},"8":{"start":{"line":20,"column":8},"end":{"line":20,"column":68}},"9":{"start":{"line":21,"column":8},"end":{"line":21,"column":21}},"10":{"start":{"line":23,"column":4},"end":{"line":23,"column":16}},"11":{"start":{"line":27,"column":31},"end":{"line":27,"column":98}},"12":{"start":{"line":29,"column":4},"end":{"line":29,"column":30}},"13":{"start":{"line":33,"column":17},"end":{"line":33,"column":30}},"14":{"start":{"line":34,"column":36},"end":{"line":34,"column":99}},"15":{"start":{"line":35,"column":35},"end":{"line":35,"column":96}},"16":{"start":{"line":36,"column":37},"end":{"line":36,"column":96}},"17":{"start":{"line":38,"column":4},"end":{"line":40,"column":5}},"18":{"start":{"line":39,"column":8},"end":{"line":39,"column":20}},"19":{"start":{"line":41,"column":4},"end":{"line":43,"column":5}},"20":{"start":{"line":42,"column":8},"end":{"line":42,"column":40}},"21":{"start":{"line":44,"column":4},"end":{"line":46,"column":5}},"22":{"start":{"line":45,"column":8},"end":{"line":45,"column":39}},"23":{"start":{"line":47,"column":4},"end":{"line":47,"column":34}}},"fnMap":{"0":{"name":"createRecomendation","decl":{"start":{"line":3,"column":15},"end":{"line":3,"column":34}},"loc":{"start":{"line":3,"column":58},"end":{"line":6,"column":1}},"line":3},"1":{"name":"increaseScore","decl":{"start":{"line":8,"column":15},"end":{"line":8,"column":28}},"loc":{"start":{"line":8,"column":37},"end":{"line":14,"column":1}},"line":8},"2":{"name":"decreaseScore","decl":{"start":{"line":16,"column":15},"end":{"line":16,"column":28}},"loc":{"start":{"line":16,"column":37},"end":{"line":24,"column":1}},"line":16},"3":{"name":"selectTopRecommendations","decl":{"start":{"line":26,"column":15},"end":{"line":26,"column":39}},"loc":{"start":{"line":26,"column":52},"end":{"line":30,"column":1}},"line":26},"4":{"name":"selectRandomRecommendation","decl":{"start":{"line":32,"column":15},"end":{"line":32,"column":41}},"loc":{"start":{"line":32,"column":44},"end":{"line":48,"column":1}},"line":32}},"branchMap":{"0":{"loc":{"start":{"line":9,"column":4},"end":{"line":12,"column":5}},"type":"if","locations":[{"start":{"line":9,"column":4},"end":{"line":12,"column":5}},{"start":{},"end":{}}],"line":9},"1":{"loc":{"start":{"line":19,"column":4},"end":{"line":22,"column":5}},"type":"if","locations":[{"start":{"line":19,"column":4},"end":{"line":22,"column":5}},{"start":{},"end":{}}],"line":19},"2":{"loc":{"start":{"line":38,"column":4},"end":{"line":40,"column":5}},"type":"if","locations":[{"start":{"line":38,"column":4},"end":{"line":40,"column":5}},{"start":{},"end":{}}],"line":38},"3":{"loc":{"start":{"line":41,"column":4},"end":{"line":43,"column":5}},"type":"if","locations":[{"start":{"line":41,"column":4},"end":{"line":43,"column":5}},{"start":{},"end":{}}],"line":41},"4":{"loc":{"start":{"line":41,"column":8},"end":{"line":41,"column":73}},"type":"binary-expr","locations":[{"start":{"line":41,"column":8},"end":{"line":41,"column":39}},{"start":{"line":41,"column":43},"end":{"line":41,"column":73}}],"line":41},"5":{"loc":{"start":{"line":44,"column":4},"end":{"line":46,"column":5}},"type":"if","locations":[{"start":{"line":44,"column":4},"end":{"line":46,"column":5}},{"start":{},"end":{}}],"line":44}},"s":{"0":2,"1":2,"2":2,"3":1,"4":1,"5":1,"6":3,"7":3,"8":1,"9":1,"10":2,"11":1,"12":1,"13":6,"14":6,"15":6,"16":6,"17":6,"18":1,"19":5,"20":2,"21":3,"22":2,"23":1},"f":{"0":2,"1":2,"2":3,"3":1,"4":6},"b":{"0":[1,1],"1":[1,2],"2":[1,5],"3":[2,3],"4":[5,4],"5":[2,1]},"_coverageSchema":"1a1c01bbd47fc00a2c39e90264f33305004495a9","hash":"2b745e45ab2f73ea0ce5025e6e01a5d81cf9adca"}
}
