TN:
SF:src/database/database.js
FNF:0
FNH:0
DA:3,1
DA:5,1
DA:13,1
LF:3
LH:3
BRF:0
BRH:0
end_of_record
TN:
SF:src/repositories/recommendationRepository.js
FN:3,createRecomendation
FN:13,increaseScore
FN:22,selectRecommendation
FN:31,decreaseScore
FN:42,deleteRecommendation
FN:49,selectTopRecommendations
FN:59,selectHigthScoreRecommendation
FN:70,selectLowScoreRecommendation
FN:82,selectRandomRecommendation
FNF:9
FNH:0
FNDA:0,createRecomendation
FNDA:0,increaseScore
FNDA:0,selectRecommendation
FNDA:0,decreaseScore
FNDA:0,deleteRecommendation
FNDA:0,selectTopRecommendations
FNDA:0,selectHigthScoreRecommendation
FNDA:0,selectLowScoreRecommendation
FNDA:0,selectRandomRecommendation
DA:4,0
DA:10,0
DA:14,0
DA:19,0
DA:23,0
DA:28,0
DA:32,0
DA:38,0
DA:39,0
DA:43,0
DA:46,0
DA:50,0
DA:56,0
DA:60,0
DA:67,0
DA:71,0
DA:79,0
DA:83,0
DA:89,0
LF:19
LH:0
BRF:0
BRH:0
end_of_record
TN:
SF:src/services/recommendationService.js
FN:3,createRecomendation
FN:8,increaseScore
FN:16,decreaseScore
FN:26,selectTopRecommendations
FN:32,selectRandomRecommendation
FNF:5
FNH:5
FNDA:2,createRecomendation
FNDA:2,increaseScore
FNDA:3,decreaseScore
FNDA:1,selectTopRecommendations
FNDA:6,selectRandomRecommendation
DA:4,2
DA:5,2
DA:9,2
DA:10,1
DA:11,1
DA:13,1
DA:17,3
DA:19,3
DA:20,1
DA:21,1
DA:23,2
DA:27,1
DA:29,1
DA:33,6
DA:34,6
DA:35,6
DA:36,6
DA:38,6
DA:39,1
DA:41,5
DA:42,2
DA:44,3
DA:45,2
DA:47,1
LF:24
LH:24
BRDA:9,0,0,1
BRDA:9,0,1,1
BRDA:19,1,0,1
BRDA:19,1,1,2
BRDA:38,2,0,1
BRDA:38,2,1,5
BRDA:41,3,0,2
BRDA:41,3,1,3
BRDA:41,4,0,5
BRDA:41,4,1,4
BRDA:44,5,0,2
BRDA:44,5,1,1
BRF:12
BRH:12
end_of_record
